<?xml version="1.0" encoding="UTF-8"?>
<!-- Generated by org.testng.reporters.JUnitReportReporter -->
<testsuite hostname="KURALGAUTHAM" failures="0" tests="3" name="org.testNG.SampleTestNG3" time="0.049" errors="0" timestamp="19 May 2021 06:21:52 GMT" skipped="1">
  <testcase classname="org.testNG.SampleTestNG3" name="tc0" time="0.042"/>
  <testcase classname="org.testNG.SampleTestNG3" name="tc1" time="0.007"/>
  <testcase classname="org.testNG.SampleTestNG3" name="tc2">
    <skipped/>
  </testcase> <!-- tc2 -->
</testsuite> <!-- org.testNG.SampleTestNG3 -->
