<?xml version="1.0" encoding="UTF-8"?>
<!-- Generated by org.testng.reporters.JUnitReportReporter -->
<testsuite hostname="KURALGAUTHAM" failures="0" tests="4" name="org.testNG.LoginTestng" time="18.660" errors="0" timestamp="21 May 2021 18:52:00 GMT" skipped="0">
  <testcase classname="org.testNG.LoginTestng" name="tc0" time="11.432"/>
  <testcase classname="org.testNG.LoginTestng" name="tc1" time="3.532"/>
  <testcase classname="org.testNG.LoginTestng" name="tc2" time="1.398"/>
  <testcase classname="org.testNG.LoginTestng" name="tc3" time="2.298"/>
</testsuite> <!-- org.testNG.LoginTestng -->
