<?xml version="1.0" encoding="UTF-8"?>
<!-- Generated by org.testng.reporters.JUnitReportReporter -->
<testsuite hostname="KURALGAUTHAM" failures="0" tests="3" name="org.testNG.SampleTestNG" time="28.193" errors="0" timestamp="20 May 2021 16:35:43 GMT" skipped="0">
  <testcase classname="org.testNG.SampleTestNG" name="tc2" time="9.099"/>
  <testcase classname="org.testNG.SampleTestNG" name="tc2" time="8.574"/>
  <testcase classname="org.testNG.SampleTestNG" name="tc2" time="10.520"/>
</testsuite> <!-- org.testNG.SampleTestNG -->
