<?xml version="1.0" encoding="UTF-8"?>
<!-- Generated by org.testng.reporters.JUnitReportReporter -->
<testsuite hostname="KURALGAUTHAM" failures="0" tests="1" name="org.testNG.BookingTestng" time="13.969" errors="0" timestamp="21 May 2021 06:45:44 GMT" skipped="0">
  <testcase classname="org.testNG.BookingTestng" name="tc0" time="13.969"/>
</testsuite> <!-- org.testNG.BookingTestng -->
